{
  "RSpec": {
    "coverage": {
      "/Users/nicoshanstrom/Turing/3mod/final_solo_project/nico_lunch_n_learn/config/environment.rb": {
        "lines": [
          null,
          1,
          null,
          null,
          1
        ]
      },
      "/Users/nicoshanstrom/Turing/3mod/final_solo_project/nico_lunch_n_learn/config/application.rb": {
        "lines": [
          1,
          null,
          1,
          null,
          null,
          null,
          1,
          null,
          1,
          1,
          null,
          1,
          null,
          null,
          null,
          null,
          1,
          null,
          null,
          null,
          null,
          null,
          null,
          null,
          null,
          null,
          null,
          null,
          null,
          1,
          null,
          null
        ]
      },
      "/Users/nicoshanstrom/Turing/3mod/final_solo_project/nico_lunch_n_learn/config/boot.rb": {
        "lines": [
          1,
          null,
          1,
          1
        ]
      },
      "/Users/nicoshanstrom/Turing/3mod/final_solo_project/nico_lunch_n_learn/config/environments/test.rb": {
        "lines": [
          1,
          null,
          null,
          null,
          null,
          null,
          null,
          1,
          null,
          1,
          null,
          1,
          null,
          null,
          null,
          null,
          null,
          1,
          null,
          null,
          1,
          1,
          null,
          null,
          null,
          null,
          1,
          1,
          1,
          null,
          null,
          1,
          null,
          null,
          1,
          null,
          null,
          1,
          null,
          1,
          null,
          null,
          null,
          null,
          1,
          null,
          null,
          1,
          null,
          null,
          1,
          null,
          null,
          1,
          null,
          null,
          null,
          null,
          null,
          null,
          null,
          null,
          1,
          null
        ]
      },
      "/Users/nicoshanstrom/Turing/3mod/final_solo_project/nico_lunch_n_learn/config/initializers/cors.rb": {
        "lines": [
          null,
          null,
          null,
          null,
          null,
          null,
          null,
          null,
          null,
          null,
          null,
          null,
          null,
          null,
          null,
          null
        ]
      },
      "/Users/nicoshanstrom/Turing/3mod/final_solo_project/nico_lunch_n_learn/config/initializers/filter_parameter_logging.rb": {
        "lines": [
          null,
          null,
          null,
          null,
          null,
          1,
          null,
          null
        ]
      },
      "/Users/nicoshanstrom/Turing/3mod/final_solo_project/nico_lunch_n_learn/config/initializers/inflections.rb": {
        "lines": [
          null,
          null,
          null,
          null,
          null,
          null,
          null,
          null,
          null,
          null,
          null,
          null,
          null,
          null,
          null,
          null
        ]
      },
      "/Users/nicoshanstrom/Turing/3mod/final_solo_project/nico_lunch_n_learn/config/initializers/load_countries.rb": {
        "lines": [
          1
        ]
      },
      "/Users/nicoshanstrom/Turing/3mod/final_solo_project/nico_lunch_n_learn/spec/factories/favorites.rb": {
        "lines": [
          1,
          1,
          1,
          1,
          1,
          1,
          null,
          null
        ]
      },
      "/Users/nicoshanstrom/Turing/3mod/final_solo_project/nico_lunch_n_learn/config/routes.rb": {
        "lines": [
          1,
          null,
          null,
          null,
          null,
          1,
          1,
          1,
          1,
          1,
          1,
          1,
          1,
          1,
          null,
          null,
          null,
          null,
          null
        ]
      },
      "/Users/nicoshanstrom/Turing/3mod/final_solo_project/nico_lunch_n_learn/app/models/favorite.rb": {
        "lines": [
          1,
          1,
          null,
          1,
          1,
          1,
          null
        ]
      },
      "/Users/nicoshanstrom/Turing/3mod/final_solo_project/nico_lunch_n_learn/app/models/application_record.rb": {
        "lines": [
          1,
          1,
          null
        ]
      },
      "/Users/nicoshanstrom/Turing/3mod/final_solo_project/nico_lunch_n_learn/spec/models/user_spec.rb": {
        "lines": [
          1,
          null,
          1,
          1,
          7,
          null,
          2,
          2,
          2,
          2,
          2,
          2,
          null,
          null,
          1,
          1,
          1,
          1,
          1,
          1,
          null,
          null,
          1,
          1,
          1,
          1,
          1,
          1,
          1,
          1,
          1,
          null,
          null,
          null
        ]
      },
      "/Users/nicoshanstrom/Turing/3mod/final_solo_project/nico_lunch_n_learn/app/models/user.rb": {
        "lines": [
          1,
          1,
          null,
          1,
          null,
          1,
          null,
          1,
          1,
          1,
          1,
          null,
          1,
          null,
          1,
          30,
          30,
          30,
          null,
          null,
          null
        ]
      },
      "/Users/nicoshanstrom/Turing/3mod/final_solo_project/nico_lunch_n_learn/spec/requests/api/v1/favorites_spec.rb": {
        "lines": [
          1,
          null,
          1,
          1,
          5,
          null,
          null,
          null,
          null,
          null,
          1,
          1,
          null,
          null,
          null,
          null,
          null,
          1,
          5,
          null,
          null,
          null,
          null,
          5,
          null,
          null,
          null,
          null,
          null,
          null,
          1,
          1,
          1,
          1,
          null,
          null,
          null,
          null,
          null,
          null,
          null,
          null,
          null,
          null,
          1,
          1,
          1,
          1,
          null,
          null,
          null,
          1,
          1,
          1,
          null,
          null,
          null,
          null,
          null,
          null,
          null,
          null,
          null,
          null,
          1,
          1,
          1,
          null,
          null,
          null,
          null,
          1,
          1,
          1,
          1,
          null,
          null,
          null,
          null,
          null,
          1,
          1,
          1,
          1,
          null,
          1,
          1,
          1,
          null,
          1,
          1,
          null,
          1,
          1,
          1,
          1,
          1,
          1,
          1,
          null,
          null,
          null,
          1,
          1,
          1,
          null,
          null,
          null,
          null,
          null,
          1,
          1,
          1,
          null,
          null,
          null,
          1,
          1,
          1,
          null,
          null,
          null,
          null,
          null,
          1,
          1,
          1,
          1,
          1,
          null,
          null,
          null,
          null
        ]
      },
      "/Users/nicoshanstrom/Turing/3mod/final_solo_project/nico_lunch_n_learn/spec/requests/api/v1/learning_resources_spec.rb": {
        "lines": [
          null,
          1,
          null,
          1,
          1,
          1,
          1,
          1,
          null,
          1,
          null,
          1,
          1,
          1,
          1,
          1,
          null,
          1,
          1,
          1,
          1,
          null,
          1,
          1,
          1,
          1,
          null,
          1,
          1,
          1,
          10,
          10,
          10,
          null,
          null,
          null,
          1,
          1,
          null,
          1,
          null,
          1,
          1,
          null,
          1,
          1,
          1,
          1,
          1,
          1,
          null,
          1,
          1,
          1,
          1,
          1,
          1,
          1,
          null,
          null,
          1,
          1,
          1,
          null,
          1,
          1,
          1,
          null,
          null,
          null,
          null,
          null
        ]
      },
      "/Users/nicoshanstrom/Turing/3mod/final_solo_project/nico_lunch_n_learn/spec/requests/api/v1/recipe_search_spec.rb": {
        "lines": [
          1,
          null,
          1,
          1,
          1,
          1,
          1,
          1,
          null,
          1,
          1,
          null,
          1,
          1,
          null,
          1,
          1,
          1,
          1,
          1,
          1,
          1,
          1,
          1,
          1,
          null,
          null,
          null,
          1,
          1,
          1,
          1,
          null,
          1,
          1,
          null,
          1,
          1,
          null,
          1,
          1,
          1,
          1,
          1,
          1,
          null,
          null,
          null,
          1,
          1,
          1,
          1,
          null,
          1,
          1,
          null,
          1,
          null,
          null,
          null,
          null
        ]
      },
      "/Users/nicoshanstrom/Turing/3mod/final_solo_project/nico_lunch_n_learn/spec/requests/api/v1/sessions_spec.rb": {
        "lines": [
          1,
          null,
          1,
          1,
          1,
          2,
          null,
          null,
          null,
          null,
          null,
          null,
          1,
          1,
          1,
          null,
          null,
          null,
          null,
          null,
          null,
          null,
          null,
          1,
          1,
          null,
          1,
          1,
          1,
          null,
          null,
          null,
          null,
          null,
          null,
          null,
          1,
          1,
          1,
          null,
          null,
          null,
          null,
          null,
          null,
          null,
          null,
          null,
          1,
          1,
          1,
          null,
          null,
          null,
          null
        ]
      },
      "/Users/nicoshanstrom/Turing/3mod/final_solo_project/nico_lunch_n_learn/spec/requests/api/v1/tourist_sites_spec.rb": {
        "lines": [
          1,
          null,
          1,
          1,
          1,
          1,
          1,
          1,
          1,
          1,
          1,
          1,
          null,
          1,
          1,
          1,
          1,
          1,
          1,
          1,
          null,
          null,
          null,
          1,
          1,
          1,
          null,
          1,
          1,
          1,
          1,
          null,
          null,
          null,
          null
        ]
      },
      "/Users/nicoshanstrom/Turing/3mod/final_solo_project/nico_lunch_n_learn/spec/requests/api/v1/users_spec.rb": {
        "lines": [
          1,
          null,
          1,
          1,
          1,
          1,
          1,
          null,
          null,
          null,
          null,
          null,
          null,
          null,
          null,
          null,
          null,
          null,
          1,
          1,
          1,
          1,
          1,
          null,
          null,
          null,
          null,
          null,
          null,
          null,
          1,
          1,
          1,
          null,
          null,
          null,
          null,
          null,
          null,
          1,
          null,
          null,
          null,
          null,
          null,
          null,
          null,
          null,
          null,
          null,
          null,
          1,
          1,
          1,
          null,
          null,
          1,
          1,
          null,
          null,
          null,
          null,
          null,
          null,
          null,
          null,
          null,
          null,
          null,
          1,
          1,
          1,
          null,
          null,
          null,
          null
        ]
      },
      "/Users/nicoshanstrom/Turing/3mod/final_solo_project/nico_lunch_n_learn/spec/services/api/v1/edamam_service_spec.rb": {
        "lines": [
          1,
          null,
          1,
          1,
          1,
          1,
          1,
          null,
          1,
          1,
          1,
          1,
          1,
          1,
          null,
          null,
          1,
          1,
          1,
          null,
          1,
          null,
          null,
          null
        ]
      },
      "/Users/nicoshanstrom/Turing/3mod/final_solo_project/nico_lunch_n_learn/app/services/edamam_service.rb": {
        "lines": [
          1,
          null,
          1,
          5,
          null,
          5,
          null,
          null,
          null,
          5,
          5,
          null,
          null,
          1,
          null,
          1,
          5,
          5,
          5,
          5,
          5,
          5,
          null,
          null,
          5,
          null,
          null,
          1,
          5,
          null,
          null,
          1,
          5,
          60,
          null,
          null,
          null,
          null,
          null,
          null,
          null,
          null
        ]
      },
      "/Users/nicoshanstrom/Turing/3mod/final_solo_project/nico_lunch_n_learn/spec/services/api/v1/places_service_spec.rb": {
        "lines": [
          1,
          null,
          1,
          1,
          1,
          1,
          1,
          null,
          1,
          1,
          null,
          1,
          10,
          10,
          10,
          10,
          null,
          null,
          1,
          1,
          1,
          null,
          null,
          null,
          null
        ]
      },
      "/Users/nicoshanstrom/Turing/3mod/final_solo_project/nico_lunch_n_learn/app/services/places_service.rb": {
        "lines": [
          1,
          null,
          1,
          2,
          2,
          null,
          2,
          null,
          null,
          1,
          null,
          1,
          2,
          null,
          2,
          null,
          null,
          null,
          2,
          2,
          2,
          null,
          null,
          null,
          null,
          1,
          2,
          null,
          2,
          null,
          null,
          null,
          null,
          2,
          2,
          20,
          null,
          null,
          null,
          null,
          null,
          null,
          null,
          1,
          4,
          4,
          4,
          null,
          null,
          4,
          null,
          null,
          1,
          4,
          null,
          null
        ]
      },
      "/Users/nicoshanstrom/Turing/3mod/final_solo_project/nico_lunch_n_learn/spec/services/api/v1/rest_countries_service_spec.rb": {
        "lines": [
          1,
          null,
          1,
          1,
          1,
          1,
          1,
          1,
          null,
          1,
          1,
          null,
          null,
          null,
          null,
          1,
          1,
          1,
          null,
          null,
          1,
          1,
          null,
          1,
          1,
          null,
          null,
          null,
          1,
          1,
          1,
          null,
          null,
          1,
          1,
          null,
          1,
          1,
          null,
          null,
          null,
          null,
          1,
          1,
          1,
          1,
          null,
          1,
          1,
          1,
          1,
          null,
          null,
          null,
          null
        ]
      },
      "/Users/nicoshanstrom/Turing/3mod/final_solo_project/nico_lunch_n_learn/app/services/rest_countries_service.rb": {
        "lines": [
          1,
          null,
          1,
          null,
          3,
          1,
          2,
          2,
          null,
          null,
          null,
          1,
          null,
          1,
          2,
          2,
          502,
          null,
          null,
          1,
          2,
          2,
          null,
          null,
          1,
          2,
          null,
          null,
          null
        ]
      },
      "/Users/nicoshanstrom/Turing/3mod/final_solo_project/nico_lunch_n_learn/spec/services/api/v1/upsplash_service_spec.rb": {
        "lines": [
          null,
          1,
          null,
          1,
          1,
          1,
          1,
          1,
          null,
          1,
          null,
          1,
          10,
          10,
          null,
          null,
          null,
          null,
          1,
          1,
          1,
          null,
          1,
          null,
          null,
          null,
          null
        ]
      },
      "/Users/nicoshanstrom/Turing/3mod/final_solo_project/nico_lunch_n_learn/app/services/upsplash_service.rb": {
        "lines": [
          1,
          null,
          1,
          4,
          4,
          4,
          4,
          null,
          null,
          1,
          null,
          1,
          4,
          4,
          4,
          4,
          null,
          4,
          null,
          null,
          1,
          4,
          null,
          null,
          1,
          4,
          null,
          20,
          null,
          null,
          null,
          null,
          null
        ]
      },
      "/Users/nicoshanstrom/Turing/3mod/final_solo_project/nico_lunch_n_learn/spec/services/api/v1/youtube_service_spec.rb": {
        "lines": [
          null,
          1,
          null,
          1,
          1,
          1,
          1,
          1,
          null,
          1,
          1,
          1,
          1,
          null,
          null,
          null,
          1,
          1,
          1,
          null,
          1,
          1,
          null,
          null,
          null,
          null
        ]
      },
      "/Users/nicoshanstrom/Turing/3mod/final_solo_project/nico_lunch_n_learn/app/services/youtube_service.rb": {
        "lines": [
          1,
          1,
          4,
          null,
          4,
          null,
          null,
          null,
          null,
          null,
          4,
          4,
          null,
          null,
          1,
          null,
          1,
          4,
          4,
          4,
          null,
          null,
          4,
          null,
          null,
          1,
          4,
          null,
          null,
          1,
          4,
          4,
          null,
          2,
          null,
          null,
          null,
          2,
          null,
          null,
          null
        ]
      },
      "/Users/nicoshanstrom/Turing/3mod/final_solo_project/nico_lunch_n_learn/app/controllers/api/v1/favorites_controller.rb": {
        "lines": [
          1,
          1,
          2,
          null,
          2,
          1,
          1,
          null,
          1,
          null,
          null,
          null,
          1,
          3,
          null,
          3,
          2,
          2,
          null,
          1,
          null,
          null,
          null,
          1,
          null,
          1,
          1,
          null,
          null
        ]
      },
      "/Users/nicoshanstrom/Turing/3mod/final_solo_project/nico_lunch_n_learn/app/controllers/application_controller.rb": {
        "lines": [
          1,
          null
        ]
      },
      "/Users/nicoshanstrom/Turing/3mod/final_solo_project/nico_lunch_n_learn/app/serializers/favorite_serializer.rb": {
        "lines": [
          1,
          1,
          null,
          1,
          null,
          1,
          null
        ]
      },
      "/Users/nicoshanstrom/Turing/3mod/final_solo_project/nico_lunch_n_learn/app/controllers/api/v1/learning_resources_controller.rb": {
        "lines": [
          1,
          1,
          3,
          null,
          3,
          1,
          null,
          null,
          2,
          2,
          null,
          2,
          2,
          null,
          null
        ]
      },
      "/Users/nicoshanstrom/Turing/3mod/final_solo_project/nico_lunch_n_learn/app/poros/learning_resource.rb": {
        "lines": [
          null,
          1,
          1,
          null,
          1,
          2,
          2,
          2,
          2,
          null,
          null
        ]
      },
      "/Users/nicoshanstrom/Turing/3mod/final_solo_project/nico_lunch_n_learn/app/serializers/learning_resource_serializer.rb": {
        "lines": [
          1,
          1,
          null,
          3,
          1,
          1,
          null
        ]
      },
      "/Users/nicoshanstrom/Turing/3mod/final_solo_project/nico_lunch_n_learn/app/controllers/api/v1/recipes_controller.rb": {
        "lines": [
          1,
          1,
          3,
          null,
          3,
          1,
          null,
          null,
          3,
          3,
          null,
          null
        ]
      },
      "/Users/nicoshanstrom/Turing/3mod/final_solo_project/nico_lunch_n_learn/app/poros/recipe.rb": {
        "lines": [
          1,
          1,
          null,
          1,
          60,
          60,
          60,
          60,
          null,
          null,
          null
        ]
      },
      "/Users/nicoshanstrom/Turing/3mod/final_solo_project/nico_lunch_n_learn/app/serializers/recipe_serializer.rb": {
        "lines": [
          1,
          1,
          null,
          1,
          41,
          null,
          1,
          null
        ]
      },
      "/Users/nicoshanstrom/Turing/3mod/final_solo_project/nico_lunch_n_learn/app/controllers/api/v1/sessions_controller.rb": {
        "lines": [
          1,
          1,
          2,
          null,
          2,
          1,
          null,
          1,
          null,
          null,
          null
        ]
      },
      "/Users/nicoshanstrom/Turing/3mod/final_solo_project/nico_lunch_n_learn/app/serializers/user_serializer.rb": {
        "lines": [
          1,
          1,
          1,
          null,
          1,
          null
        ]
      },
      "/Users/nicoshanstrom/Turing/3mod/final_solo_project/nico_lunch_n_learn/app/controllers/api/v1/tourist_sites_controller.rb": {
        "lines": [
          1,
          null,
          1,
          2,
          2,
          1,
          1,
          null,
          1,
          null,
          null,
          null
        ]
      },
      "/Users/nicoshanstrom/Turing/3mod/final_solo_project/nico_lunch_n_learn/app/poros/tourist_site.rb": {
        "lines": [
          1,
          1,
          null,
          1,
          20,
          20,
          20,
          null,
          null
        ]
      },
      "/Users/nicoshanstrom/Turing/3mod/final_solo_project/nico_lunch_n_learn/app/serializers/tourist_site_serializer.rb": {
        "lines": [
          null,
          1,
          1,
          null,
          11,
          1,
          1,
          null
        ]
      },
      "/Users/nicoshanstrom/Turing/3mod/final_solo_project/nico_lunch_n_learn/app/controllers/api/v1/users_controller.rb": {
        "lines": [
          1,
          null,
          1,
          3,
          3,
          1,
          null,
          2,
          null,
          null,
          null,
          1,
          null,
          1,
          3,
          null,
          null
        ]
      },
      "/Users/nicoshanstrom/Turing/3mod/final_solo_project/nico_lunch_n_learn/app/poros/country.rb": {
        "lines": [
          1,
          1,
          null,
          1,
          500,
          null,
          null
        ]
      }
    },
    "timestamp": 1718212809
  }
}
